<?xml version="1.0" encoding="UTF-8"?>
<testsuite xmlns:xsi="http://www.w3.org/2001/XMLSchema-instance" xsi:noNamespaceSchemaLocation="https://maven.apache.org/surefire/maven-surefire-plugin/xsd/surefire-test-report-3.0.xsd" version="3.0" name="com.skillsync.skillsyncbackend.controller.AdminControllerTest" time="7.808" tests="5" errors="0" skipped="0" failures="0">
  <properties>
    <property name="java.specification.version" value="21"/>
    <property name="sun.jnu.encoding" value="UTF-8"/>
    <property name="java.class.path" value="/home/stefina/clg work/SkillSync/backend/skillsync-backend/target/test-classes:/home/stefina/clg work/SkillSync/backend/skillsync-backend/target/classes:/home/stefina/.m2/repository/org/springframework/boot/spring-boot-starter-web/3.3.3/spring-boot-starter-web-3.3.3.jar:/home/stefina/.m2/repository/org/springframework/boot/spring-boot-starter/3.3.3/spring-boot-starter-3.3.3.jar:/home/stefina/.m2/repository/org/springframework/boot/spring-boot/3.3.3/spring-boot-3.3.3.jar:/home/stefina/.m2/repository/org/springframework/boot/spring-boot-autoconfigure/3.3.3/spring-boot-autoconfigure-3.3.3.jar:/home/stefina/.m2/repository/org/springframework/boot/spring-boot-starter-logging/3.3.3/spring-boot-starter-logging-3.3.3.jar:/home/stefina/.m2/repository/ch/qos/logback/logback-classic/1.5.7/logback-classic-1.5.7.jar:/home/stefina/.m2/repository/ch/qos/logback/logback-core/1.5.7/logback-core-1.5.7.jar:/home/stefina/.m2/repository/org/apache/logging/log4j/log4j-to-slf4j/2.23.1/log4j-to-slf4j-2.23.1.jar:/home/stefina/.m2/repository/org/slf4j/jul-to-slf4j/2.0.16/jul-to-slf4j-2.0.16.jar:/home/stefina/.m2/repository/jakarta/annotation/jakarta.annotation-api/2.1.1/jakarta.annotation-api-2.1.1.jar:/home/stefina/.m2/repository/org/yaml/snakeyaml/2.2/snakeyaml-2.2.jar:/home/stefina/.m2/repository/org/springframework/boot/spring-boot-starter-json/3.3.3/spring-boot-starter-json-3.3.3.jar:/home/stefina/.m2/repository/com/fasterxml/jackson/datatype/jackson-datatype-jdk8/2.17.2/jackson-datatype-jdk8-2.17.2.jar:/home/stefina/.m2/repository/com/fasterxml/jackson/datatype/jackson-datatype-jsr310/2.17.2/jackson-datatype-jsr310-2.17.2.jar:/home/stefina/.m2/repository/com/fasterxml/jackson/module/jackson-module-parameter-names/2.17.2/jackson-module-parameter-names-2.17.2.jar:/home/stefina/.m2/repository/org/springframework/boot/spring-boot-starter-tomcat/3.3.3/spring-boot-starter-tomcat-3.3.3.jar:/home/stefina/.m2/repository/org/apache/tomcat/embed/tomcat-embed-core/10.1.28/tomcat-embed-core-10.1.28.jar:/home/stefina/.m2/repository/org/apache/tomcat/embed/tomcat-embed-el/10.1.28/tomcat-embed-el-10.1.28.jar:/home/stefina/.m2/repository/org/apache/tomcat/embed/tomcat-embed-websocket/10.1.28/tomcat-embed-websocket-10.1.28.jar:/home/stefina/.m2/repository/org/springframework/spring-web/6.1.12/spring-web-6.1.12.jar:/home/stefina/.m2/repository/org/springframework/spring-beans/6.1.12/spring-beans-6.1.12.jar:/home/stefina/.m2/repository/io/micrometer/micrometer-observation/1.13.3/micrometer-observation-1.13.3.jar:/home/stefina/.m2/repository/io/micrometer/micrometer-commons/1.13.3/micrometer-commons-1.13.3.jar:/home/stefina/.m2/repository/org/springframework/spring-webmvc/6.1.12/spring-webmvc-6.1.12.jar:/home/stefina/.m2/repository/org/springframework/spring-context/6.1.12/spring-context-6.1.12.jar:/home/stefina/.m2/repository/org/springframework/spring-expression/6.1.12/spring-expression-6.1.12.jar:/home/stefina/.m2/repository/io/jsonwebtoken/jjwt/0.9.1/jjwt-0.9.1.jar:/home/stefina/.m2/repository/org/apache/tika/tika-core/2.9.0/tika-core-2.9.0.jar:/home/stefina/.m2/repository/org/slf4j/slf4j-api/2.0.16/slf4j-api-2.0.16.jar:/home/stefina/.m2/repository/commons-io/commons-io/2.13.0/commons-io-2.13.0.jar:/home/stefina/.m2/repository/org/apache/tika/tika-parsers-standard-package/2.9.0/tika-parsers-standard-package-2.9.0.jar:/home/stefina/.m2/repository/org/apache/tika/tika-parser-apple-module/2.9.0/tika-parser-apple-module-2.9.0.jar:/home/stefina/.m2/repository/org/apache/tika/tika-parser-zip-commons/2.9.0/tika-parser-zip-commons-2.9.0.jar:/home/stefina/.m2/repository/com/googlecode/plist/dd-plist/1.27/dd-plist-1.27.jar:/home/stefina/.m2/repository/org/apache/tika/tika-parser-audiovideo-module/2.9.0/tika-parser-audiovideo-module-2.9.0.jar:/home/stefina/.m2/repository/com/drewnoakes/metadata-extractor/2.18.0/metadata-extractor-2.18.0.jar:/home/stefina/.m2/repository/com/adobe/xmp/xmpcore/6.1.11/xmpcore-6.1.11.jar:/home/stefina/.m2/repository/org/apache/tika/tika-parser-cad-module/2.9.0/tika-parser-cad-module-2.9.0.jar:/home/stefina/.m2/repository/org/apache/tika/tika-parser-code-module/2.9.0/tika-parser-code-module-2.9.0.jar:/home/stefina/.m2/repository/org/codelibs/jhighlight/1.1.0/jhighlight-1.1.0.jar:/home/stefina/.m2/repository/org/ccil/cowan/tagsoup/tagsoup/1.2.1/tagsoup-1.2.1.jar:/home/stefina/.m2/repository/org/ow2/asm/asm/9.5/asm-9.5.jar:/home/stefina/.m2/repository/com/epam/parso/2.0.14/parso-2.0.14.jar:/home/stefina/.m2/repository/org/tallison/jmatio/1.5/jmatio-1.5.jar:/home/stefina/.m2/repository/org/apache/tika/tika-parser-crypto-module/2.9.0/tika-parser-crypto-module-2.9.0.jar:/home/stefina/.m2/repository/org/bouncycastle/bcmail-jdk18on/1.76/bcmail-jdk18on-1.76.jar:/home/stefina/.m2/repository/org/bouncycastle/bcutil-jdk18on/1.76/bcutil-jdk18on-1.76.jar:/home/stefina/.m2/repository/org/bouncycastle/bcpkix-jdk18on/1.76/bcpkix-jdk18on-1.76.jar:/home/stefina/.m2/repository/org/bouncycastle/bcprov-jdk18on/1.76/bcprov-jdk18on-1.76.jar:/home/stefina/.m2/repository/org/apache/tika/tika-parser-digest-commons/2.9.0/tika-parser-digest-commons-2.9.0.jar:/home/stefina/.m2/repository/org/apache/tika/tika-parser-font-module/2.9.0/tika-parser-font-module-2.9.0.jar:/home/stefina/.m2/repository/org/apache/pdfbox/fontbox/2.0.29/fontbox-2.0.29.jar:/home/stefina/.m2/repository/org/apache/tika/tika-parser-html-module/2.9.0/tika-parser-html-module-2.9.0.jar:/home/stefina/.m2/repository/org/apache/tika/tika-parser-image-module/2.9.0/tika-parser-image-module-2.9.0.jar:/home/stefina/.m2/repository/com/github/jai-imageio/jai-imageio-core/1.4.0/jai-imageio-core-1.4.0.jar:/home/stefina/.m2/repository/org/apache/pdfbox/jbig2-imageio/3.0.4/jbig2-imageio-3.0.4.jar:/home/stefina/.m2/repository/org/apache/tika/tika-parser-mail-module/2.9.0/tika-parser-mail-module-2.9.0.jar:/home/stefina/.m2/repository/org/apache/tika/tika-parser-mail-commons/2.9.0/tika-parser-mail-commons-2.9.0.jar:/home/stefina/.m2/repository/org/apache/james/apache-mime4j-core/0.8.9/apache-mime4j-core-0.8.9.jar:/home/stefina/.m2/repository/org/apache/james/apache-mime4j-dom/0.8.9/apache-mime4j-dom-0.8.9.jar:/home/stefina/.m2/repository/org/apache/tika/tika-parser-microsoft-module/2.9.0/tika-parser-microsoft-module-2.9.0.jar:/home/stefina/.m2/repository/com/pff/java-libpst/0.9.3/java-libpst-0.9.3.jar:/home/stefina/.m2/repository/org/apache/poi/poi-scratchpad/5.2.3/poi-scratchpad-5.2.3.jar:/home/stefina/.m2/repository/commons-logging/commons-logging/1.2/commons-logging-1.2.jar:/home/stefina/.m2/repository/com/healthmarketscience/jackcess/jackcess/4.0.5/jackcess-4.0.5.jar:/home/stefina/.m2/repository/com/healthmarketscience/jackcess/jackcess-encrypt/4.0.2/jackcess-encrypt-4.0.2.jar:/home/stefina/.m2/repository/org/slf4j/jcl-over-slf4j/2.0.16/jcl-over-slf4j-2.0.16.jar:/home/stefina/.m2/repository/org/apache/tika/tika-parser-miscoffice-module/2.9.0/tika-parser-miscoffice-module-2.9.0.jar:/home/stefina/.m2/repository/org/glassfish/jaxb/jaxb-runtime/4.0.5/jaxb-runtime-4.0.5.jar:/home/stefina/.m2/repository/org/glassfish/jaxb/jaxb-core/4.0.5/jaxb-core-4.0.5.jar:/home/stefina/.m2/repository/org/glassfish/jaxb/txw2/4.0.5/txw2-4.0.5.jar:/home/stefina/.m2/repository/org/apache/tika/tika-parser-news-module/2.9.0/tika-parser-news-module-2.9.0.jar:/home/stefina/.m2/repository/com/rometools/rome/2.1.0/rome-2.1.0.jar:/home/stefina/.m2/repository/com/rometools/rome-utils/2.1.0/rome-utils-2.1.0.jar:/home/stefina/.m2/repository/org/jdom/jdom2/2.0.6.1/jdom2-2.0.6.1.jar:/home/stefina/.m2/repository/org/apache/tika/tika-parser-ocr-module/2.9.0/tika-parser-ocr-module-2.9.0.jar:/home/stefina/.m2/repository/org/apache/commons/commons-exec/1.3/commons-exec-1.3.jar:/home/stefina/.m2/repository/org/apache/tika/tika-parser-pdf-module/2.9.0/tika-parser-pdf-module-2.9.0.jar:/home/stefina/.m2/repository/org/apache/pdfbox/pdfbox/2.0.29/pdfbox-2.0.29.jar:/home/stefina/.m2/repository/org/apache/pdfbox/pdfbox-tools/2.0.29/pdfbox-tools-2.0.29.jar:/home/stefina/.m2/repository/org/apache/pdfbox/jempbox/1.8.17/jempbox-1.8.17.jar:/home/stefina/.m2/repository/org/apache/tika/tika-parser-pkg-module/2.9.0/tika-parser-pkg-module-2.9.0.jar:/home/stefina/.m2/repository/org/tukaani/xz/1.9/xz-1.9.jar:/home/stefina/.m2/repository/org/brotli/dec/0.1.2/dec-0.1.2.jar:/home/stefina/.m2/repository/com/github/junrar/junrar/7.5.5/junrar-7.5.5.jar:/home/stefina/.m2/repository/org/apache/tika/tika-parser-text-module/2.9.0/tika-parser-text-module-2.9.0.jar:/home/stefina/.m2/repository/com/github/albfernandez/juniversalchardet/2.4.0/juniversalchardet-2.4.0.jar:/home/stefina/.m2/repository/org/apache/commons/commons-csv/1.10.0/commons-csv-1.10.0.jar:/home/stefina/.m2/repository/org/apache/tika/tika-parser-webarchive-module/2.9.0/tika-parser-webarchive-module-2.9.0.jar:/home/stefina/.m2/repository/org/netpreserve/jwarc/0.28.1/jwarc-0.28.1.jar:/home/stefina/.m2/repository/org/apache/tika/tika-parser-xml-module/2.9.0/tika-parser-xml-module-2.9.0.jar:/home/stefina/.m2/repository/xerces/xercesImpl/2.12.2/xercesImpl-2.12.2.jar:/home/stefina/.m2/repository/xml-apis/xml-apis/1.4.01/xml-apis-1.4.01.jar:/home/stefina/.m2/repository/org/apache/tika/tika-parser-xmp-commons/2.9.0/tika-parser-xmp-commons-2.9.0.jar:/home/stefina/.m2/repository/org/apache/pdfbox/xmpbox/2.0.29/xmpbox-2.0.29.jar:/home/stefina/.m2/repository/org/gagravarr/vorbis-java-tika/0.8/vorbis-java-tika-0.8.jar:/home/stefina/.m2/repository/org/gagravarr/vorbis-java-core/0.8/vorbis-java-core-0.8.jar:/home/stefina/.m2/repository/org/xerial/sqlite-jdbc/3.46.0.0/sqlite-jdbc-3.46.0.0.jar:/home/stefina/.m2/repository/org/hibernate/orm/hibernate-community-dialects/6.5.2.Final/hibernate-community-dialects-6.5.2.Final.jar:/home/stefina/.m2/repository/org/hibernate/orm/hibernate-core/6.5.2.Final/hibernate-core-6.5.2.Final.jar:/home/stefina/.m2/repository/jakarta/persistence/jakarta.persistence-api/3.1.0/jakarta.persistence-api-3.1.0.jar:/home/stefina/.m2/repository/jakarta/transaction/jakarta.transaction-api/2.0.1/jakarta.transaction-api-2.0.1.jar:/home/stefina/.m2/repository/org/hibernate/common/hibernate-commons-annotations/6.0.6.Final/hibernate-commons-annotations-6.0.6.Final.jar:/home/stefina/.m2/repository/io/smallrye/jandex/3.1.2/jandex-3.1.2.jar:/home/stefina/.m2/repository/com/fasterxml/classmate/1.7.0/classmate-1.7.0.jar:/home/stefina/.m2/repository/net/bytebuddy/byte-buddy/1.14.19/byte-buddy-1.14.19.jar:/home/stefina/.m2/repository/jakarta/inject/jakarta.inject-api/2.0.1/jakarta.inject-api-2.0.1.jar:/home/stefina/.m2/repository/org/antlr/antlr4-runtime/4.13.0/antlr4-runtime-4.13.0.jar:/home/stefina/.m2/repository/org/jboss/logging/jboss-logging/3.5.3.Final/jboss-logging-3.5.3.Final.jar:/home/stefina/.m2/repository/org/springframework/boot/spring-boot-starter-data-jpa/3.3.3/spring-boot-starter-data-jpa-3.3.3.jar:/home/stefina/.m2/repository/org/springframework/boot/spring-boot-starter-aop/3.3.3/spring-boot-starter-aop-3.3.3.jar:/home/stefina/.m2/repository/org/aspectj/aspectjweaver/1.9.22.1/aspectjweaver-1.9.22.1.jar:/home/stefina/.m2/repository/org/springframework/boot/spring-boot-starter-jdbc/3.3.3/spring-boot-starter-jdbc-3.3.3.jar:/home/stefina/.m2/repository/com/zaxxer/HikariCP/5.1.0/HikariCP-5.1.0.jar:/home/stefina/.m2/repository/org/springframework/spring-jdbc/6.1.12/spring-jdbc-6.1.12.jar:/home/stefina/.m2/repository/org/springframework/data/spring-data-jpa/3.3.3/spring-data-jpa-3.3.3.jar:/home/stefina/.m2/repository/org/springframework/data/spring-data-commons/3.3.3/spring-data-commons-3.3.3.jar:/home/stefina/.m2/repository/org/springframework/spring-orm/6.1.12/spring-orm-6.1.12.jar:/home/stefina/.m2/repository/org/springframework/spring-tx/6.1.12/spring-tx-6.1.12.jar:/home/stefina/.m2/repository/org/springframework/spring-aspects/6.1.12/spring-aspects-6.1.12.jar:/home/stefina/.m2/repository/org/springframework/boot/spring-boot-starter-security/3.3.3/spring-boot-starter-security-3.3.3.jar:/home/stefina/.m2/repository/org/springframework/spring-aop/6.1.12/spring-aop-6.1.12.jar:/home/stefina/.m2/repository/org/springframework/security/spring-security-config/6.3.3/spring-security-config-6.3.3.jar:/home/stefina/.m2/repository/org/springframework/security/spring-security-web/6.3.3/spring-security-web-6.3.3.jar:/home/stefina/.m2/repository/org/apache/poi/poi/5.3.0/poi-5.3.0.jar:/home/stefina/.m2/repository/commons-codec/commons-codec/1.16.1/commons-codec-1.16.1.jar:/home/stefina/.m2/repository/org/apache/commons/commons-collections4/4.4/commons-collections4-4.4.jar:/home/stefina/.m2/repository/org/apache/commons/commons-math3/3.6.1/commons-math3-3.6.1.jar:/home/stefina/.m2/repository/com/zaxxer/SparseBitSet/1.3/SparseBitSet-1.3.jar:/home/stefina/.m2/repository/org/apache/logging/log4j/log4j-api/2.23.1/log4j-api-2.23.1.jar:/home/stefina/.m2/repository/org/apache/poi/poi-ooxml/5.3.0/poi-ooxml-5.3.0.jar:/home/stefina/.m2/repository/org/apache/poi/poi-ooxml-lite/5.3.0/poi-ooxml-lite-5.3.0.jar:/home/stefina/.m2/repository/org/apache/xmlbeans/xmlbeans/5.2.1/xmlbeans-5.2.1.jar:/home/stefina/.m2/repository/org/apache/commons/commons-compress/1.26.2/commons-compress-1.26.2.jar:/home/stefina/.m2/repository/com/github/virtuald/curvesapi/1.08/curvesapi-1.08.jar:/home/stefina/.m2/repository/edu/stanford/nlp/stanford-corenlp/4.5.6/stanford-corenlp-4.5.6.jar:/home/stefina/.m2/repository/com/apple/AppleJavaExtensions/1.4/AppleJavaExtensions-1.4.jar:/home/stefina/.m2/repository/de/jollyday/jollyday/0.4.9/jollyday-0.4.9.jar:/home/stefina/.m2/repository/org/apache/commons/commons-lang3/3.14.0/commons-lang3-3.14.0.jar:/home/stefina/.m2/repository/org/apache/lucene/lucene-queryparser/7.5.0/lucene-queryparser-7.5.0.jar:/home/stefina/.m2/repository/org/apache/lucene/lucene-queries/7.5.0/lucene-queries-7.5.0.jar:/home/stefina/.m2/repository/org/apache/lucene/lucene-sandbox/7.5.0/lucene-sandbox-7.5.0.jar:/home/stefina/.m2/repository/org/apache/lucene/lucene-analyzers-common/7.5.0/lucene-analyzers-common-7.5.0.jar:/home/stefina/.m2/repository/org/apache/lucene/lucene-core/7.5.0/lucene-core-7.5.0.jar:/home/stefina/.m2/repository/jakarta/servlet/jakarta.servlet-api/6.0.0/jakarta.servlet-api-6.0.0.jar:/home/stefina/.m2/repository/xom/xom/1.3.9/xom-1.3.9.jar:/home/stefina/.m2/repository/xalan/xalan/2.7.3/xalan-2.7.3.jar:/home/stefina/.m2/repository/xalan/serializer/2.7.3/serializer-2.7.3.jar:/home/stefina/.m2/repository/joda-time/joda-time/2.10.5/joda-time-2.10.5.jar:/home/stefina/.m2/repository/org/ejml/ejml-core/0.39/ejml-core-0.39.jar:/home/stefina/.m2/repository/com/google/code/findbugs/jsr305/3.0.2/jsr305-3.0.2.jar:/home/stefina/.m2/repository/org/ejml/ejml-ddense/0.39/ejml-ddense-0.39.jar:/home/stefina/.m2/repository/org/ejml/ejml-simple/0.39/ejml-simple-0.39.jar:/home/stefina/.m2/repository/org/ejml/ejml-fdense/0.39/ejml-fdense-0.39.jar:/home/stefina/.m2/repository/org/ejml/ejml-cdense/0.39/ejml-cdense-0.39.jar:/home/stefina/.m2/repository/org/ejml/ejml-zdense/0.39/ejml-zdense-0.39.jar:/home/stefina/.m2/repository/org/ejml/ejml-dsparse/0.39/ejml-dsparse-0.39.jar:/home/stefina/.m2/repository/org/ejml/ejml-fsparse/0.39/ejml-fsparse-0.39.jar:/home/stefina/.m2/repository/org/glassfish/javax.json/1.0.4/javax.json-1.0.4.jar:/home/stefina/.m2/repository/com/google/protobuf/protobuf-java/3.19.6/protobuf-java-3.19.6.jar:/home/stefina/.m2/repository/javax/activation/javax.activation-api/1.2.0/javax.activation-api-1.2.0.jar:/home/stefina/.m2/repository/javax/xml/bind/jaxb-api/2.4.0-b180830.0359/jaxb-api-2.4.0-b180830.0359.jar:/home/stefina/.m2/repository/com/sun/istack/istack-commons-runtime/4.1.2/istack-commons-runtime-4.1.2.jar:/home/stefina/.m2/repository/com/sun/xml/bind/jaxb-impl/4.0.5/jaxb-impl-4.0.5.jar:/home/stefina/.m2/repository/com/sun/xml/bind/jaxb-core/4.0.5/jaxb-core-4.0.5.jar:/home/stefina/.m2/repository/org/eclipse/angus/angus-activation/2.0.2/angus-activation-2.0.2.jar:/home/stefina/.m2/repository/com/googlecode/json-simple/json-simple/1.1.1/json-simple-1.1.1.jar:/home/stefina/.m2/repository/junit/junit/4.13.2/junit-4.13.2.jar:/home/stefina/.m2/repository/org/hamcrest/hamcrest-core/2.2/hamcrest-core-2.2.jar:/home/stefina/.m2/repository/org/jsoup/jsoup/1.17.2/jsoup-1.17.2.jar:/home/stefina/.m2/repository/com/fasterxml/jackson/core/jackson-databind/2.17.2/jackson-databind-2.17.2.jar:/home/stefina/.m2/repository/com/fasterxml/jackson/core/jackson-annotations/2.17.2/jackson-annotations-2.17.2.jar:/home/stefina/.m2/repository/com/fasterxml/jackson/core/jackson-core/2.17.2/jackson-core-2.17.2.jar:/home/stefina/.m2/repository/org/springframework/boot/spring-boot-starter-test/3.3.3/spring-boot-starter-test-3.3.3.jar:/home/stefina/.m2/repository/org/springframework/boot/spring-boot-test/3.3.3/spring-boot-test-3.3.3.jar:/home/stefina/.m2/repository/org/springframework/boot/spring-boot-test-autoconfigure/3.3.3/spring-boot-test-autoconfigure-3.3.3.jar:/home/stefina/.m2/repository/com/jayway/jsonpath/json-path/2.9.0/json-path-2.9.0.jar:/home/stefina/.m2/repository/jakarta/xml/bind/jakarta.xml.bind-api/4.0.2/jakarta.xml.bind-api-4.0.2.jar:/home/stefina/.m2/repository/jakarta/activation/jakarta.activation-api/2.1.3/jakarta.activation-api-2.1.3.jar:/home/stefina/.m2/repository/net/minidev/json-smart/2.5.1/json-smart-2.5.1.jar:/home/stefina/.m2/repository/net/minidev/accessors-smart/2.5.1/accessors-smart-2.5.1.jar:/home/stefina/.m2/repository/org/assertj/assertj-core/3.25.3/assertj-core-3.25.3.jar:/home/stefina/.m2/repository/org/awaitility/awaitility/4.2.2/awaitility-4.2.2.jar:/home/stefina/.m2/repository/org/hamcrest/hamcrest/2.2/hamcrest-2.2.jar:/home/stefina/.m2/repository/org/junit/jupiter/junit-jupiter/5.10.3/junit-jupiter-5.10.3.jar:/home/stefina/.m2/repository/org/junit/jupiter/junit-jupiter-api/5.10.3/junit-jupiter-api-5.10.3.jar:/home/stefina/.m2/repository/org/opentest4j/opentest4j/1.3.0/opentest4j-1.3.0.jar:/home/stefina/.m2/repository/org/junit/platform/junit-platform-commons/1.10.3/junit-platform-commons-1.10.3.jar:/home/stefina/.m2/repository/org/apiguardian/apiguardian-api/1.1.2/apiguardian-api-1.1.2.jar:/home/stefina/.m2/repository/org/junit/jupiter/junit-jupiter-params/5.10.3/junit-jupiter-params-5.10.3.jar:/home/stefina/.m2/repository/org/junit/jupiter/junit-jupiter-engine/5.10.3/junit-jupiter-engine-5.10.3.jar:/home/stefina/.m2/repository/org/junit/platform/junit-platform-engine/1.10.3/junit-platform-engine-1.10.3.jar:/home/stefina/.m2/repository/org/mockito/mockito-core/5.11.0/mockito-core-5.11.0.jar:/home/stefina/.m2/repository/net/bytebuddy/byte-buddy-agent/1.14.19/byte-buddy-agent-1.14.19.jar:/home/stefina/.m2/repository/org/objenesis/objenesis/3.3/objenesis-3.3.jar:/home/stefina/.m2/repository/org/mockito/mockito-junit-jupiter/5.11.0/mockito-junit-jupiter-5.11.0.jar:/home/stefina/.m2/repository/org/skyscreamer/jsonassert/1.5.3/jsonassert-1.5.3.jar:/home/stefina/.m2/repository/com/vaadin/external/google/android-json/0.0.20131108.vaadin1/android-json-0.0.20131108.vaadin1.jar:/home/stefina/.m2/repository/org/springframework/spring-core/6.1.12/spring-core-6.1.12.jar:/home/stefina/.m2/repository/org/springframework/spring-jcl/6.1.12/spring-jcl-6.1.12.jar:/home/stefina/.m2/repository/org/springframework/spring-test/6.1.12/spring-test-6.1.12.jar:/home/stefina/.m2/repository/org/xmlunit/xmlunit-core/2.9.1/xmlunit-core-2.9.1.jar:/home/stefina/.m2/repository/org/springframework/security/spring-security-test/6.3.3/spring-security-test-6.3.3.jar:/home/stefina/.m2/repository/org/springframework/security/spring-security-core/6.3.3/spring-security-core-6.3.3.jar:/home/stefina/.m2/repository/org/springframework/security/spring-security-crypto/6.3.3/spring-security-crypto-6.3.3.jar:/home/stefina/.m2/repository/com/h2database/h2/2.2.224/h2-2.2.224.jar:"/>
    <property name="java.vm.vendor" value="Ubuntu"/>
    <property name="sun.arch.data.model" value="64"/>
    <property name="java.vendor.url" value="https://ubuntu.com/"/>
    <property name="user.timezone" value="Asia/Kolkata"/>
    <property name="org.jboss.logging.provider" value="slf4j"/>
    <property name="os.name" value="Linux"/>
    <property name="java.vm.specification.version" value="21"/>
    <property name="sun.java.launcher" value="SUN_STANDARD"/>
    <property name="user.country" value="US"/>
    <property name="sun.boot.library.path" value="/usr/lib/jvm/java-21-openjdk-amd64/lib"/>
    <property name="sun.java.command" value="/home/stefina/clg work/SkillSync/backend/skillsync-backend/target/surefire/surefirebooter-20251020193350082_3.jar /home/stefina/clg work/SkillSync/backend/skillsync-backend/target/surefire 2025-10-20T19-33-50_000-jvmRun1 surefire-20251020193350082_1tmp surefire_0-20251020193350082_2tmp"/>
    <property name="jdk.debug" value="release"/>
    <property name="surefire.test.class.path" value="/home/stefina/clg work/SkillSync/backend/skillsync-backend/target/test-classes:/home/stefina/clg work/SkillSync/backend/skillsync-backend/target/classes:/home/stefina/.m2/repository/org/springframework/boot/spring-boot-starter-web/3.3.3/spring-boot-starter-web-3.3.3.jar:/home/stefina/.m2/repository/org/springframework/boot/spring-boot-starter/3.3.3/spring-boot-starter-3.3.3.jar:/home/stefina/.m2/repository/org/springframework/boot/spring-boot/3.3.3/spring-boot-3.3.3.jar:/home/stefina/.m2/repository/org/springframework/boot/spring-boot-autoconfigure/3.3.3/spring-boot-autoconfigure-3.3.3.jar:/home/stefina/.m2/repository/org/springframework/boot/spring-boot-starter-logging/3.3.3/spring-boot-starter-logging-3.3.3.jar:/home/stefina/.m2/repository/ch/qos/logback/logback-classic/1.5.7/logback-classic-1.5.7.jar:/home/stefina/.m2/repository/ch/qos/logback/logback-core/1.5.7/logback-core-1.5.7.jar:/home/stefina/.m2/repository/org/apache/logging/log4j/log4j-to-slf4j/2.23.1/log4j-to-slf4j-2.23.1.jar:/home/stefina/.m2/repository/org/slf4j/jul-to-slf4j/2.0.16/jul-to-slf4j-2.0.16.jar:/home/stefina/.m2/repository/jakarta/annotation/jakarta.annotation-api/2.1.1/jakarta.annotation-api-2.1.1.jar:/home/stefina/.m2/repository/org/yaml/snakeyaml/2.2/snakeyaml-2.2.jar:/home/stefina/.m2/repository/org/springframework/boot/spring-boot-starter-json/3.3.3/spring-boot-starter-json-3.3.3.jar:/home/stefina/.m2/repository/com/fasterxml/jackson/datatype/jackson-datatype-jdk8/2.17.2/jackson-datatype-jdk8-2.17.2.jar:/home/stefina/.m2/repository/com/fasterxml/jackson/datatype/jackson-datatype-jsr310/2.17.2/jackson-datatype-jsr310-2.17.2.jar:/home/stefina/.m2/repository/com/fasterxml/jackson/module/jackson-module-parameter-names/2.17.2/jackson-module-parameter-names-2.17.2.jar:/home/stefina/.m2/repository/org/springframework/boot/spring-boot-starter-tomcat/3.3.3/spring-boot-starter-tomcat-3.3.3.jar:/home/stefina/.m2/repository/org/apache/tomcat/embed/tomcat-embed-core/10.1.28/tomcat-embed-core-10.1.28.jar:/home/stefina/.m2/repository/org/apache/tomcat/embed/tomcat-embed-el/10.1.28/tomcat-embed-el-10.1.28.jar:/home/stefina/.m2/repository/org/apache/tomcat/embed/tomcat-embed-websocket/10.1.28/tomcat-embed-websocket-10.1.28.jar:/home/stefina/.m2/repository/org/springframework/spring-web/6.1.12/spring-web-6.1.12.jar:/home/stefina/.m2/repository/org/springframework/spring-beans/6.1.12/spring-beans-6.1.12.jar:/home/stefina/.m2/repository/io/micrometer/micrometer-observation/1.13.3/micrometer-observation-1.13.3.jar:/home/stefina/.m2/repository/io/micrometer/micrometer-commons/1.13.3/micrometer-commons-1.13.3.jar:/home/stefina/.m2/repository/org/springframework/spring-webmvc/6.1.12/spring-webmvc-6.1.12.jar:/home/stefina/.m2/repository/org/springframework/spring-context/6.1.12/spring-context-6.1.12.jar:/home/stefina/.m2/repository/org/springframework/spring-expression/6.1.12/spring-expression-6.1.12.jar:/home/stefina/.m2/repository/io/jsonwebtoken/jjwt/0.9.1/jjwt-0.9.1.jar:/home/stefina/.m2/repository/org/apache/tika/tika-core/2.9.0/tika-core-2.9.0.jar:/home/stefina/.m2/repository/org/slf4j/slf4j-api/2.0.16/slf4j-api-2.0.16.jar:/home/stefina/.m2/repository/commons-io/commons-io/2.13.0/commons-io-2.13.0.jar:/home/stefina/.m2/repository/org/apache/tika/tika-parsers-standard-package/2.9.0/tika-parsers-standard-package-2.9.0.jar:/home/stefina/.m2/repository/org/apache/tika/tika-parser-apple-module/2.9.0/tika-parser-apple-module-2.9.0.jar:/home/stefina/.m2/repository/org/apache/tika/tika-parser-zip-commons/2.9.0/tika-parser-zip-commons-2.9.0.jar:/home/stefina/.m2/repository/com/googlecode/plist/dd-plist/1.27/dd-plist-1.27.jar:/home/stefina/.m2/repository/org/apache/tika/tika-parser-audiovideo-module/2.9.0/tika-parser-audiovideo-module-2.9.0.jar:/home/stefina/.m2/repository/com/drewnoakes/metadata-extractor/2.18.0/metadata-extractor-2.18.0.jar:/home/stefina/.m2/repository/com/adobe/xmp/xmpcore/6.1.11/xmpcore-6.1.11.jar:/home/stefina/.m2/repository/org/apache/tika/tika-parser-cad-module/2.9.0/tika-parser-cad-module-2.9.0.jar:/home/stefina/.m2/repository/org/apache/tika/tika-parser-code-module/2.9.0/tika-parser-code-module-2.9.0.jar:/home/stefina/.m2/repository/org/codelibs/jhighlight/1.1.0/jhighlight-1.1.0.jar:/home/stefina/.m2/repository/org/ccil/cowan/tagsoup/tagsoup/1.2.1/tagsoup-1.2.1.jar:/home/stefina/.m2/repository/org/ow2/asm/asm/9.5/asm-9.5.jar:/home/stefina/.m2/repository/com/epam/parso/2.0.14/parso-2.0.14.jar:/home/stefina/.m2/repository/org/tallison/jmatio/1.5/jmatio-1.5.jar:/home/stefina/.m2/repository/org/apache/tika/tika-parser-crypto-module/2.9.0/tika-parser-crypto-module-2.9.0.jar:/home/stefina/.m2/repository/org/bouncycastle/bcmail-jdk18on/1.76/bcmail-jdk18on-1.76.jar:/home/stefina/.m2/repository/org/bouncycastle/bcutil-jdk18on/1.76/bcutil-jdk18on-1.76.jar:/home/stefina/.m2/repository/org/bouncycastle/bcpkix-jdk18on/1.76/bcpkix-jdk18on-1.76.jar:/home/stefina/.m2/repository/org/bouncycastle/bcprov-jdk18on/1.76/bcprov-jdk18on-1.76.jar:/home/stefina/.m2/repository/org/apache/tika/tika-parser-digest-commons/2.9.0/tika-parser-digest-commons-2.9.0.jar:/home/stefina/.m2/repository/org/apache/tika/tika-parser-font-module/2.9.0/tika-parser-font-module-2.9.0.jar:/home/stefina/.m2/repository/org/apache/pdfbox/fontbox/2.0.29/fontbox-2.0.29.jar:/home/stefina/.m2/repository/org/apache/tika/tika-parser-html-module/2.9.0/tika-parser-html-module-2.9.0.jar:/home/stefina/.m2/repository/org/apache/tika/tika-parser-image-module/2.9.0/tika-parser-image-module-2.9.0.jar:/home/stefina/.m2/repository/com/github/jai-imageio/jai-imageio-core/1.4.0/jai-imageio-core-1.4.0.jar:/home/stefina/.m2/repository/org/apache/pdfbox/jbig2-imageio/3.0.4/jbig2-imageio-3.0.4.jar:/home/stefina/.m2/repository/org/apache/tika/tika-parser-mail-module/2.9.0/tika-parser-mail-module-2.9.0.jar:/home/stefina/.m2/repository/org/apache/tika/tika-parser-mail-commons/2.9.0/tika-parser-mail-commons-2.9.0.jar:/home/stefina/.m2/repository/org/apache/james/apache-mime4j-core/0.8.9/apache-mime4j-core-0.8.9.jar:/home/stefina/.m2/repository/org/apache/james/apache-mime4j-dom/0.8.9/apache-mime4j-dom-0.8.9.jar:/home/stefina/.m2/repository/org/apache/tika/tika-parser-microsoft-module/2.9.0/tika-parser-microsoft-module-2.9.0.jar:/home/stefina/.m2/repository/com/pff/java-libpst/0.9.3/java-libpst-0.9.3.jar:/home/stefina/.m2/repository/org/apache/poi/poi-scratchpad/5.2.3/poi-scratchpad-5.2.3.jar:/home/stefina/.m2/repository/commons-logging/commons-logging/1.2/commons-logging-1.2.jar:/home/stefina/.m2/repository/com/healthmarketscience/jackcess/jackcess/4.0.5/jackcess-4.0.5.jar:/home/stefina/.m2/repository/com/healthmarketscience/jackcess/jackcess-encrypt/4.0.2/jackcess-encrypt-4.0.2.jar:/home/stefina/.m2/repository/org/slf4j/jcl-over-slf4j/2.0.16/jcl-over-slf4j-2.0.16.jar:/home/stefina/.m2/repository/org/apache/tika/tika-parser-miscoffice-module/2.9.0/tika-parser-miscoffice-module-2.9.0.jar:/home/stefina/.m2/repository/org/glassfish/jaxb/jaxb-runtime/4.0.5/jaxb-runtime-4.0.5.jar:/home/stefina/.m2/repository/org/glassfish/jaxb/jaxb-core/4.0.5/jaxb-core-4.0.5.jar:/home/stefina/.m2/repository/org/glassfish/jaxb/txw2/4.0.5/txw2-4.0.5.jar:/home/stefina/.m2/repository/org/apache/tika/tika-parser-news-module/2.9.0/tika-parser-news-module-2.9.0.jar:/home/stefina/.m2/repository/com/rometools/rome/2.1.0/rome-2.1.0.jar:/home/stefina/.m2/repository/com/rometools/rome-utils/2.1.0/rome-utils-2.1.0.jar:/home/stefina/.m2/repository/org/jdom/jdom2/2.0.6.1/jdom2-2.0.6.1.jar:/home/stefina/.m2/repository/org/apache/tika/tika-parser-ocr-module/2.9.0/tika-parser-ocr-module-2.9.0.jar:/home/stefina/.m2/repository/org/apache/commons/commons-exec/1.3/commons-exec-1.3.jar:/home/stefina/.m2/repository/org/apache/tika/tika-parser-pdf-module/2.9.0/tika-parser-pdf-module-2.9.0.jar:/home/stefina/.m2/repository/org/apache/pdfbox/pdfbox/2.0.29/pdfbox-2.0.29.jar:/home/stefina/.m2/repository/org/apache/pdfbox/pdfbox-tools/2.0.29/pdfbox-tools-2.0.29.jar:/home/stefina/.m2/repository/org/apache/pdfbox/jempbox/1.8.17/jempbox-1.8.17.jar:/home/stefina/.m2/repository/org/apache/tika/tika-parser-pkg-module/2.9.0/tika-parser-pkg-module-2.9.0.jar:/home/stefina/.m2/repository/org/tukaani/xz/1.9/xz-1.9.jar:/home/stefina/.m2/repository/org/brotli/dec/0.1.2/dec-0.1.2.jar:/home/stefina/.m2/repository/com/github/junrar/junrar/7.5.5/junrar-7.5.5.jar:/home/stefina/.m2/repository/org/apache/tika/tika-parser-text-module/2.9.0/tika-parser-text-module-2.9.0.jar:/home/stefina/.m2/repository/com/github/albfernandez/juniversalchardet/2.4.0/juniversalchardet-2.4.0.jar:/home/stefina/.m2/repository/org/apache/commons/commons-csv/1.10.0/commons-csv-1.10.0.jar:/home/stefina/.m2/repository/org/apache/tika/tika-parser-webarchive-module/2.9.0/tika-parser-webarchive-module-2.9.0.jar:/home/stefina/.m2/repository/org/netpreserve/jwarc/0.28.1/jwarc-0.28.1.jar:/home/stefina/.m2/repository/org/apache/tika/tika-parser-xml-module/2.9.0/tika-parser-xml-module-2.9.0.jar:/home/stefina/.m2/repository/xerces/xercesImpl/2.12.2/xercesImpl-2.12.2.jar:/home/stefina/.m2/repository/xml-apis/xml-apis/1.4.01/xml-apis-1.4.01.jar:/home/stefina/.m2/repository/org/apache/tika/tika-parser-xmp-commons/2.9.0/tika-parser-xmp-commons-2.9.0.jar:/home/stefina/.m2/repository/org/apache/pdfbox/xmpbox/2.0.29/xmpbox-2.0.29.jar:/home/stefina/.m2/repository/org/gagravarr/vorbis-java-tika/0.8/vorbis-java-tika-0.8.jar:/home/stefina/.m2/repository/org/gagravarr/vorbis-java-core/0.8/vorbis-java-core-0.8.jar:/home/stefina/.m2/repository/org/xerial/sqlite-jdbc/3.46.0.0/sqlite-jdbc-3.46.0.0.jar:/home/stefina/.m2/repository/org/hibernate/orm/hibernate-community-dialects/6.5.2.Final/hibernate-community-dialects-6.5.2.Final.jar:/home/stefina/.m2/repository/org/hibernate/orm/hibernate-core/6.5.2.Final/hibernate-core-6.5.2.Final.jar:/home/stefina/.m2/repository/jakarta/persistence/jakarta.persistence-api/3.1.0/jakarta.persistence-api-3.1.0.jar:/home/stefina/.m2/repository/jakarta/transaction/jakarta.transaction-api/2.0.1/jakarta.transaction-api-2.0.1.jar:/home/stefina/.m2/repository/org/hibernate/common/hibernate-commons-annotations/6.0.6.Final/hibernate-commons-annotations-6.0.6.Final.jar:/home/stefina/.m2/repository/io/smallrye/jandex/3.1.2/jandex-3.1.2.jar:/home/stefina/.m2/repository/com/fasterxml/classmate/1.7.0/classmate-1.7.0.jar:/home/stefina/.m2/repository/net/bytebuddy/byte-buddy/1.14.19/byte-buddy-1.14.19.jar:/home/stefina/.m2/repository/jakarta/inject/jakarta.inject-api/2.0.1/jakarta.inject-api-2.0.1.jar:/home/stefina/.m2/repository/org/antlr/antlr4-runtime/4.13.0/antlr4-runtime-4.13.0.jar:/home/stefina/.m2/repository/org/jboss/logging/jboss-logging/3.5.3.Final/jboss-logging-3.5.3.Final.jar:/home/stefina/.m2/repository/org/springframework/boot/spring-boot-starter-data-jpa/3.3.3/spring-boot-starter-data-jpa-3.3.3.jar:/home/stefina/.m2/repository/org/springframework/boot/spring-boot-starter-aop/3.3.3/spring-boot-starter-aop-3.3.3.jar:/home/stefina/.m2/repository/org/aspectj/aspectjweaver/1.9.22.1/aspectjweaver-1.9.22.1.jar:/home/stefina/.m2/repository/org/springframework/boot/spring-boot-starter-jdbc/3.3.3/spring-boot-starter-jdbc-3.3.3.jar:/home/stefina/.m2/repository/com/zaxxer/HikariCP/5.1.0/HikariCP-5.1.0.jar:/home/stefina/.m2/repository/org/springframework/spring-jdbc/6.1.12/spring-jdbc-6.1.12.jar:/home/stefina/.m2/repository/org/springframework/data/spring-data-jpa/3.3.3/spring-data-jpa-3.3.3.jar:/home/stefina/.m2/repository/org/springframework/data/spring-data-commons/3.3.3/spring-data-commons-3.3.3.jar:/home/stefina/.m2/repository/org/springframework/spring-orm/6.1.12/spring-orm-6.1.12.jar:/home/stefina/.m2/repository/org/springframework/spring-tx/6.1.12/spring-tx-6.1.12.jar:/home/stefina/.m2/repository/org/springframework/spring-aspects/6.1.12/spring-aspects-6.1.12.jar:/home/stefina/.m2/repository/org/springframework/boot/spring-boot-starter-security/3.3.3/spring-boot-starter-security-3.3.3.jar:/home/stefina/.m2/repository/org/springframework/spring-aop/6.1.12/spring-aop-6.1.12.jar:/home/stefina/.m2/repository/org/springframework/security/spring-security-config/6.3.3/spring-security-config-6.3.3.jar:/home/stefina/.m2/repository/org/springframework/security/spring-security-web/6.3.3/spring-security-web-6.3.3.jar:/home/stefina/.m2/repository/org/apache/poi/poi/5.3.0/poi-5.3.0.jar:/home/stefina/.m2/repository/commons-codec/commons-codec/1.16.1/commons-codec-1.16.1.jar:/home/stefina/.m2/repository/org/apache/commons/commons-collections4/4.4/commons-collections4-4.4.jar:/home/stefina/.m2/repository/org/apache/commons/commons-math3/3.6.1/commons-math3-3.6.1.jar:/home/stefina/.m2/repository/com/zaxxer/SparseBitSet/1.3/SparseBitSet-1.3.jar:/home/stefina/.m2/repository/org/apache/logging/log4j/log4j-api/2.23.1/log4j-api-2.23.1.jar:/home/stefina/.m2/repository/org/apache/poi/poi-ooxml/5.3.0/poi-ooxml-5.3.0.jar:/home/stefina/.m2/repository/org/apache/poi/poi-ooxml-lite/5.3.0/poi-ooxml-lite-5.3.0.jar:/home/stefina/.m2/repository/org/apache/xmlbeans/xmlbeans/5.2.1/xmlbeans-5.2.1.jar:/home/stefina/.m2/repository/org/apache/commons/commons-compress/1.26.2/commons-compress-1.26.2.jar:/home/stefina/.m2/repository/com/github/virtuald/curvesapi/1.08/curvesapi-1.08.jar:/home/stefina/.m2/repository/edu/stanford/nlp/stanford-corenlp/4.5.6/stanford-corenlp-4.5.6.jar:/home/stefina/.m2/repository/com/apple/AppleJavaExtensions/1.4/AppleJavaExtensions-1.4.jar:/home/stefina/.m2/repository/de/jollyday/jollyday/0.4.9/jollyday-0.4.9.jar:/home/stefina/.m2/repository/org/apache/commons/commons-lang3/3.14.0/commons-lang3-3.14.0.jar:/home/stefina/.m2/repository/org/apache/lucene/lucene-queryparser/7.5.0/lucene-queryparser-7.5.0.jar:/home/stefina/.m2/repository/org/apache/lucene/lucene-queries/7.5.0/lucene-queries-7.5.0.jar:/home/stefina/.m2/repository/org/apache/lucene/lucene-sandbox/7.5.0/lucene-sandbox-7.5.0.jar:/home/stefina/.m2/repository/org/apache/lucene/lucene-analyzers-common/7.5.0/lucene-analyzers-common-7.5.0.jar:/home/stefina/.m2/repository/org/apache/lucene/lucene-core/7.5.0/lucene-core-7.5.0.jar:/home/stefina/.m2/repository/jakarta/servlet/jakarta.servlet-api/6.0.0/jakarta.servlet-api-6.0.0.jar:/home/stefina/.m2/repository/xom/xom/1.3.9/xom-1.3.9.jar:/home/stefina/.m2/repository/xalan/xalan/2.7.3/xalan-2.7.3.jar:/home/stefina/.m2/repository/xalan/serializer/2.7.3/serializer-2.7.3.jar:/home/stefina/.m2/repository/joda-time/joda-time/2.10.5/joda-time-2.10.5.jar:/home/stefina/.m2/repository/org/ejml/ejml-core/0.39/ejml-core-0.39.jar:/home/stefina/.m2/repository/com/google/code/findbugs/jsr305/3.0.2/jsr305-3.0.2.jar:/home/stefina/.m2/repository/org/ejml/ejml-ddense/0.39/ejml-ddense-0.39.jar:/home/stefina/.m2/repository/org/ejml/ejml-simple/0.39/ejml-simple-0.39.jar:/home/stefina/.m2/repository/org/ejml/ejml-fdense/0.39/ejml-fdense-0.39.jar:/home/stefina/.m2/repository/org/ejml/ejml-cdense/0.39/ejml-cdense-0.39.jar:/home/stefina/.m2/repository/org/ejml/ejml-zdense/0.39/ejml-zdense-0.39.jar:/home/stefina/.m2/repository/org/ejml/ejml-dsparse/0.39/ejml-dsparse-0.39.jar:/home/stefina/.m2/repository/org/ejml/ejml-fsparse/0.39/ejml-fsparse-0.39.jar:/home/stefina/.m2/repository/org/glassfish/javax.json/1.0.4/javax.json-1.0.4.jar:/home/stefina/.m2/repository/com/google/protobuf/protobuf-java/3.19.6/protobuf-java-3.19.6.jar:/home/stefina/.m2/repository/javax/activation/javax.activation-api/1.2.0/javax.activation-api-1.2.0.jar:/home/stefina/.m2/repository/javax/xml/bind/jaxb-api/2.4.0-b180830.0359/jaxb-api-2.4.0-b180830.0359.jar:/home/stefina/.m2/repository/com/sun/istack/istack-commons-runtime/4.1.2/istack-commons-runtime-4.1.2.jar:/home/stefina/.m2/repository/com/sun/xml/bind/jaxb-impl/4.0.5/jaxb-impl-4.0.5.jar:/home/stefina/.m2/repository/com/sun/xml/bind/jaxb-core/4.0.5/jaxb-core-4.0.5.jar:/home/stefina/.m2/repository/org/eclipse/angus/angus-activation/2.0.2/angus-activation-2.0.2.jar:/home/stefina/.m2/repository/com/googlecode/json-simple/json-simple/1.1.1/json-simple-1.1.1.jar:/home/stefina/.m2/repository/junit/junit/4.13.2/junit-4.13.2.jar:/home/stefina/.m2/repository/org/hamcrest/hamcrest-core/2.2/hamcrest-core-2.2.jar:/home/stefina/.m2/repository/org/jsoup/jsoup/1.17.2/jsoup-1.17.2.jar:/home/stefina/.m2/repository/com/fasterxml/jackson/core/jackson-databind/2.17.2/jackson-databind-2.17.2.jar:/home/stefina/.m2/repository/com/fasterxml/jackson/core/jackson-annotations/2.17.2/jackson-annotations-2.17.2.jar:/home/stefina/.m2/repository/com/fasterxml/jackson/core/jackson-core/2.17.2/jackson-core-2.17.2.jar:/home/stefina/.m2/repository/org/springframework/boot/spring-boot-starter-test/3.3.3/spring-boot-starter-test-3.3.3.jar:/home/stefina/.m2/repository/org/springframework/boot/spring-boot-test/3.3.3/spring-boot-test-3.3.3.jar:/home/stefina/.m2/repository/org/springframework/boot/spring-boot-test-autoconfigure/3.3.3/spring-boot-test-autoconfigure-3.3.3.jar:/home/stefina/.m2/repository/com/jayway/jsonpath/json-path/2.9.0/json-path-2.9.0.jar:/home/stefina/.m2/repository/jakarta/xml/bind/jakarta.xml.bind-api/4.0.2/jakarta.xml.bind-api-4.0.2.jar:/home/stefina/.m2/repository/jakarta/activation/jakarta.activation-api/2.1.3/jakarta.activation-api-2.1.3.jar:/home/stefina/.m2/repository/net/minidev/json-smart/2.5.1/json-smart-2.5.1.jar:/home/stefina/.m2/repository/net/minidev/accessors-smart/2.5.1/accessors-smart-2.5.1.jar:/home/stefina/.m2/repository/org/assertj/assertj-core/3.25.3/assertj-core-3.25.3.jar:/home/stefina/.m2/repository/org/awaitility/awaitility/4.2.2/awaitility-4.2.2.jar:/home/stefina/.m2/repository/org/hamcrest/hamcrest/2.2/hamcrest-2.2.jar:/home/stefina/.m2/repository/org/junit/jupiter/junit-jupiter/5.10.3/junit-jupiter-5.10.3.jar:/home/stefina/.m2/repository/org/junit/jupiter/junit-jupiter-api/5.10.3/junit-jupiter-api-5.10.3.jar:/home/stefina/.m2/repository/org/opentest4j/opentest4j/1.3.0/opentest4j-1.3.0.jar:/home/stefina/.m2/repository/org/junit/platform/junit-platform-commons/1.10.3/junit-platform-commons-1.10.3.jar:/home/stefina/.m2/repository/org/apiguardian/apiguardian-api/1.1.2/apiguardian-api-1.1.2.jar:/home/stefina/.m2/repository/org/junit/jupiter/junit-jupiter-params/5.10.3/junit-jupiter-params-5.10.3.jar:/home/stefina/.m2/repository/org/junit/jupiter/junit-jupiter-engine/5.10.3/junit-jupiter-engine-5.10.3.jar:/home/stefina/.m2/repository/org/junit/platform/junit-platform-engine/1.10.3/junit-platform-engine-1.10.3.jar:/home/stefina/.m2/repository/org/mockito/mockito-core/5.11.0/mockito-core-5.11.0.jar:/home/stefina/.m2/repository/net/bytebuddy/byte-buddy-agent/1.14.19/byte-buddy-agent-1.14.19.jar:/home/stefina/.m2/repository/org/objenesis/objenesis/3.3/objenesis-3.3.jar:/home/stefina/.m2/repository/org/mockito/mockito-junit-jupiter/5.11.0/mockito-junit-jupiter-5.11.0.jar:/home/stefina/.m2/repository/org/skyscreamer/jsonassert/1.5.3/jsonassert-1.5.3.jar:/home/stefina/.m2/repository/com/vaadin/external/google/android-json/0.0.20131108.vaadin1/android-json-0.0.20131108.vaadin1.jar:/home/stefina/.m2/repository/org/springframework/spring-core/6.1.12/spring-core-6.1.12.jar:/home/stefina/.m2/repository/org/springframework/spring-jcl/6.1.12/spring-jcl-6.1.12.jar:/home/stefina/.m2/repository/org/springframework/spring-test/6.1.12/spring-test-6.1.12.jar:/home/stefina/.m2/repository/org/xmlunit/xmlunit-core/2.9.1/xmlunit-core-2.9.1.jar:/home/stefina/.m2/repository/org/springframework/security/spring-security-test/6.3.3/spring-security-test-6.3.3.jar:/home/stefina/.m2/repository/org/springframework/security/spring-security-core/6.3.3/spring-security-core-6.3.3.jar:/home/stefina/.m2/repository/org/springframework/security/spring-security-crypto/6.3.3/spring-security-crypto-6.3.3.jar:/home/stefina/.m2/repository/com/h2database/h2/2.2.224/h2-2.2.224.jar:"/>
    <property name="sun.cpu.endian" value="little"/>
    <property name="user.home" value="/home/stefina"/>
    <property name="user.language" value="en"/>
    <property name="java.specification.vendor" value="Oracle Corporation"/>
    <property name="java.version.date" value="2025-07-15"/>
    <property name="java.home" value="/usr/lib/jvm/java-21-openjdk-amd64"/>
    <property name="file.separator" value="/"/>
    <property name="basedir" value="/home/stefina/clg work/SkillSync/backend/skillsync-backend"/>
    <property name="java.vm.compressedOopsMode" value="Zero based"/>
    <property name="line.separator" value="&#10;"/>
    <property name="java.vm.specification.vendor" value="Oracle Corporation"/>
    <property name="java.specification.name" value="Java Platform API Specification"/>
    <property name="FILE_LOG_CHARSET" value="UTF-8"/>
    <property name="java.awt.headless" value="true"/>
    <property name="surefire.real.class.path" value="/home/stefina/clg work/SkillSync/backend/skillsync-backend/target/surefire/surefirebooter-20251020193350082_3.jar"/>
    <property name="sun.management.compiler" value="HotSpot 64-Bit Tiered Compilers"/>
    <property name="java.runtime.version" value="21.0.8+9-Ubuntu-0ubuntu124.04.1"/>
    <property name="user.name" value="stefina"/>
    <property name="stdout.encoding" value="UTF-8"/>
    <property name="path.separator" value=":"/>
    <property name="os.version" value="6.14.0-33-generic"/>
    <property name="java.runtime.name" value="OpenJDK Runtime Environment"/>
    <property name="file.encoding" value="UTF-8"/>
    <property name="java.vm.name" value="OpenJDK 64-Bit Server VM"/>
    <property name="localRepository" value="/home/stefina/.m2/repository"/>
    <property name="java.vendor.url.bug" value="https://bugs.launchpad.net/ubuntu/+source/openjdk-21"/>
    <property name="java.io.tmpdir" value="/tmp"/>
    <property name="com.zaxxer.hikari.pool_number" value="1"/>
    <property name="java.version" value="21.0.8"/>
    <property name="user.dir" value="/home/stefina/clg work/SkillSync/backend/skillsync-backend"/>
    <property name="os.arch" value="amd64"/>
    <property name="java.vm.specification.name" value="Java Virtual Machine Specification"/>
    <property name="PID" value="70284"/>
    <property name="CONSOLE_LOG_CHARSET" value="UTF-8"/>
    <property name="native.encoding" value="UTF-8"/>
    <property name="java.library.path" value="/usr/java/packages/lib:/usr/lib/x86_64-linux-gnu/jni:/lib/x86_64-linux-gnu:/usr/lib/x86_64-linux-gnu:/usr/lib/jni:/lib:/usr/lib"/>
    <property name="java.vm.info" value="mixed mode, sharing"/>
    <property name="stderr.encoding" value="UTF-8"/>
    <property name="java.vendor" value="Ubuntu"/>
    <property name="java.vm.version" value="21.0.8+9-Ubuntu-0ubuntu124.04.1"/>
    <property name="sun.io.unicode.encoding" value="UnicodeLittle"/>
    <property name="java.class.version" value="65.0"/>
  </properties>
  <testcase name="testListJobsPaged" classname="com.skillsync.skillsyncbackend.controller.AdminControllerTest" time="0.746">
    <system-out><![CDATA[19:33:50.872 [main] INFO org.springframework.test.context.support.AnnotationConfigContextLoaderUtils -- Could not detect default configuration classes for test class [com.skillsync.skillsyncbackend.controller.AdminControllerTest]: AdminControllerTest does not declare any static, non-private, non-final, nested classes annotated with @Configuration.
19:33:50.990 [main] INFO org.springframework.boot.test.context.SpringBootTestContextBootstrapper -- Found @SpringBootConfiguration com.skillsync.skillsyncbackend.SkillSyncBackendApplication for test class com.skillsync.skillsyncbackend.controller.AdminControllerTest

  .   ____          _            __ _ _
 /\\ / ___'_ __ _ _(_)_ __  __ _ \ \ \ \
( ( )\___ | '_ | '_| | '_ \/ _` | \ \ \ \
 \\/  ___)| |_)| | | | | || (_| |  ) ) ) )
  '  |____| .__|_| |_|_| |_\__, | / / / /
 =========|_|==============|___/=/_/_/_/

 :: Spring Boot ::                (v3.3.3)

2025-10-20T19:33:51.347+05:30  INFO 70284 --- [           main] c.s.s.controller.AdminControllerTest     : Starting AdminControllerTest using Java 21.0.8 with PID 70284 (started by stefina in /home/stefina/clg work/SkillSync/backend/skillsync-backend)
2025-10-20T19:33:51.349+05:30  INFO 70284 --- [           main] c.s.s.controller.AdminControllerTest     : No active profile set, falling back to 1 default profile: "default"
2025-10-20T19:33:51.914+05:30  INFO 70284 --- [           main] .s.d.r.c.RepositoryConfigurationDelegate : Bootstrapping Spring Data JPA repositories in DEFAULT mode.
2025-10-20T19:33:51.984+05:30  INFO 70284 --- [           main] .s.d.r.c.RepositoryConfigurationDelegate : Finished Spring Data repository scanning in 63 ms. Found 5 JPA repository interfaces.
2025-10-20T19:33:52.546+05:30  INFO 70284 --- [           main] o.hibernate.jpa.internal.util.LogHelper  : HHH000204: Processing PersistenceUnitInfo [name: default]
2025-10-20T19:33:52.614+05:30  INFO 70284 --- [           main] org.hibernate.Version                    : HHH000412: Hibernate ORM core version 6.5.2.Final
2025-10-20T19:33:52.646+05:30  INFO 70284 --- [           main] o.h.c.internal.RegionFactoryInitiator    : HHH000026: Second-level cache disabled
2025-10-20T19:33:52.926+05:30  INFO 70284 --- [           main] o.s.o.j.p.SpringPersistenceUnitInfo      : No LoadTimeWeaver setup: ignoring JPA class transformer
2025-10-20T19:33:52.953+05:30  INFO 70284 --- [           main] com.zaxxer.hikari.HikariDataSource       : HikariPool-1 - Starting...
2025-10-20T19:33:53.157+05:30  INFO 70284 --- [           main] com.zaxxer.hikari.pool.HikariPool        : HikariPool-1 - Added connection conn0: url=jdbc:h2:mem:testdb user=SA
2025-10-20T19:33:53.159+05:30  INFO 70284 --- [           main] com.zaxxer.hikari.HikariDataSource       : HikariPool-1 - Start completed.
2025-10-20T19:33:53.179+05:30  WARN 70284 --- [           main] org.hibernate.orm.deprecation            : HHH90000025: H2Dialect does not need to be specified explicitly using 'hibernate.dialect' (remove the property setting and it will be selected by default)
2025-10-20T19:33:54.037+05:30  INFO 70284 --- [           main] o.h.e.t.j.p.i.JtaPlatformInitiator       : HHH000489: No JTA platform available (set 'hibernate.transaction.jta.platform' to enable JTA platform integration)
Hibernate: drop table if exists favorite_jobs cascade 
Hibernate: drop table if exists job_applications cascade 
Hibernate: drop table if exists job_posting cascade 
Hibernate: drop table if exists job_posting_skills cascade 
Hibernate: drop table if exists resume cascade 
Hibernate: drop table if exists resume_skills cascade 
Hibernate: drop table if exists users cascade 
Hibernate: create table favorite_jobs (id bigint generated by default as identity, job_posting_id bigint not null, user_id bigint not null, primary key (id))
Hibernate: create table job_applications (id bigint generated by default as identity, job_posting_id bigint, user_id bigint, status varchar(255), primary key (id))
Hibernate: create table job_posting (salary float(53), id bigint generated by default as identity, company varchar(255), description varchar(255), job_type varchar(255), location varchar(255), title varchar(255), url varchar(255), primary key (id))
Hibernate: create table job_posting_skills (job_posting_id bigint not null, skills varchar(255))
Hibernate: create table resume (id bigint generated by default as identity, user_id bigint, content varchar(255), filename varchar(255), primary key (id))
Hibernate: create table resume_skills (resume_id bigint not null, skills varchar(255))
Hibernate: create table users (id bigint generated by default as identity, achievements_json TEXT, avatar_data_url TEXT, bio TEXT, career_level varchar(255), education_json TEXT, email varchar(255) unique, employment_type varchar(255), expected_salary_range_json TEXT, experience_json TEXT, full_name varchar(255), github varchar(255), job_title varchar(255), linkedin varchar(255), password varchar(255) not null, phone varchar(255), preferred_locations_json TEXT, role varchar(255) not null, username varchar(255) not null unique, work_type varchar(255), primary key (id))
Hibernate: alter table if exists favorite_jobs add constraint FKayc23o2okix7fljh4nes906ok foreign key (job_posting_id) references job_posting
Hibernate: alter table if exists favorite_jobs add constraint FKiclfk9qmfek00idgqe00tmu7u foreign key (user_id) references users
Hibernate: alter table if exists job_applications add constraint FK13gb1oq8h7rs6un6xj304yg3c foreign key (job_posting_id) references job_posting
Hibernate: alter table if exists job_applications add constraint FKqs2guhg7p83917vto86imuthy foreign key (user_id) references users
Hibernate: alter table if exists job_posting_skills add constraint FK17d1x3q5egoj9cnoy8yniiej3 foreign key (job_posting_id) references job_posting
Hibernate: alter table if exists resume_skills add constraint FK5406bdq6opxevvh08y8uvh4ee foreign key (resume_id) references resume
2025-10-20T19:33:54.095+05:30  INFO 70284 --- [           main] j.LocalContainerEntityManagerFactoryBean : Initialized JPA EntityManagerFactory for persistence unit 'default'
2025-10-20T19:33:54.692+05:30  INFO 70284 --- [           main] o.s.d.j.r.query.QueryEnhancerFactory     : Hibernate is in classpath; If applicable, HQL parser will be used.
2025-10-20T19:33:55.399+05:30  INFO 70284 --- [           main] r$InitializeUserDetailsManagerConfigurer : Global AuthenticationManager configured with UserDetailsService bean with name userService
2025-10-20T19:33:56.251+05:30  WARN 70284 --- [           main] JpaBaseConfiguration$JpaWebConfiguration : spring.jpa.open-in-view is enabled by default. Therefore, database queries may be performed during view rendering. Explicitly configure spring.jpa.open-in-view to disable this warning
2025-10-20T19:33:56.882+05:30  INFO 70284 --- [           main] o.s.b.t.m.w.SpringBootMockServletContext : Initializing Spring TestDispatcherServlet ''
2025-10-20T19:33:56.882+05:30  INFO 70284 --- [           main] o.s.t.web.servlet.TestDispatcherServlet  : Initializing Servlet ''
2025-10-20T19:33:56.883+05:30  INFO 70284 --- [           main] o.s.t.web.servlet.TestDispatcherServlet  : Completed initialization in 1 ms
2025-10-20T19:33:56.901+05:30  INFO 70284 --- [           main] c.s.s.controller.AdminControllerTest     : Started AdminControllerTest in 5.788 seconds (process running for 6.738)
Hibernate: select u1_0.id,u1_0.achievements_json,u1_0.avatar_data_url,u1_0.bio,u1_0.career_level,u1_0.education_json,u1_0.email,u1_0.employment_type,u1_0.expected_salary_range_json,u1_0.experience_json,u1_0.full_name,u1_0.github,u1_0.job_title,u1_0.linkedin,u1_0.password,u1_0.phone,u1_0.preferred_locations_json,u1_0.role,u1_0.username,u1_0.work_type from users u1_0 where u1_0.username=?
Hibernate: select u1_0.id,u1_0.achievements_json,u1_0.avatar_data_url,u1_0.bio,u1_0.career_level,u1_0.education_json,u1_0.email,u1_0.employment_type,u1_0.expected_salary_range_json,u1_0.experience_json,u1_0.full_name,u1_0.github,u1_0.job_title,u1_0.linkedin,u1_0.password,u1_0.phone,u1_0.preferred_locations_json,u1_0.role,u1_0.username,u1_0.work_type from users u1_0 where u1_0.email=?
Hibernate: select u1_0.id from users u1_0 where u1_0.username=? fetch first ? rows only
Hibernate: select u1_0.id from users u1_0 where u1_0.email=? fetch first ? rows only
Hibernate: insert into users (achievements_json,avatar_data_url,bio,career_level,education_json,email,employment_type,expected_salary_range_json,experience_json,full_name,github,job_title,linkedin,password,phone,preferred_locations_json,role,username,work_type,id) values (?,?,?,?,?,?,?,?,?,?,?,?,?,?,?,?,?,?,?,default)
Default admin user created: admin/adminpass
Hibernate: select u1_0.id,u1_0.achievements_json,u1_0.avatar_data_url,u1_0.bio,u1_0.career_level,u1_0.education_json,u1_0.email,u1_0.employment_type,u1_0.expected_salary_range_json,u1_0.experience_json,u1_0.full_name,u1_0.github,u1_0.job_title,u1_0.linkedin,u1_0.password,u1_0.phone,u1_0.preferred_locations_json,u1_0.role,u1_0.username,u1_0.work_type from users u1_0 where u1_0.username=?
Hibernate: select u1_0.id,u1_0.achievements_json,u1_0.avatar_data_url,u1_0.bio,u1_0.career_level,u1_0.education_json,u1_0.email,u1_0.employment_type,u1_0.expected_salary_range_json,u1_0.experience_json,u1_0.full_name,u1_0.github,u1_0.job_title,u1_0.linkedin,u1_0.password,u1_0.phone,u1_0.preferred_locations_json,u1_0.role,u1_0.username,u1_0.work_type from users u1_0 where u1_0.email=?
Hibernate: select u1_0.id from users u1_0 where u1_0.username=? fetch first ? rows only
Hibernate: select u1_0.id from users u1_0 where u1_0.email=? fetch first ? rows only
Hibernate: insert into users (achievements_json,avatar_data_url,bio,career_level,education_json,email,employment_type,expected_salary_range_json,experience_json,full_name,github,job_title,linkedin,password,phone,preferred_locations_json,role,username,work_type,id) values (?,?,?,?,?,?,?,?,?,?,?,?,?,?,?,?,?,?,?,default)
Default user created: user/userpass
Hibernate: select u1_0.id,u1_0.achievements_json,u1_0.avatar_data_url,u1_0.bio,u1_0.career_level,u1_0.education_json,u1_0.email,u1_0.employment_type,u1_0.expected_salary_range_json,u1_0.experience_json,u1_0.full_name,u1_0.github,u1_0.job_title,u1_0.linkedin,u1_0.password,u1_0.phone,u1_0.preferred_locations_json,u1_0.role,u1_0.username,u1_0.work_type from users u1_0 where u1_0.username=?
Hibernate: select u1_0.id,u1_0.achievements_json,u1_0.avatar_data_url,u1_0.bio,u1_0.career_level,u1_0.education_json,u1_0.email,u1_0.employment_type,u1_0.expected_salary_range_json,u1_0.experience_json,u1_0.full_name,u1_0.github,u1_0.job_title,u1_0.linkedin,u1_0.password,u1_0.phone,u1_0.preferred_locations_json,u1_0.role,u1_0.username,u1_0.work_type from users u1_0 where u1_0.email=?
Hibernate: select u1_0.id from users u1_0 where u1_0.username=? fetch first ? rows only
Hibernate: select u1_0.id from users u1_0 where u1_0.email=? fetch first ? rows only
Hibernate: insert into users (achievements_json,avatar_data_url,bio,career_level,education_json,email,employment_type,expected_salary_range_json,experience_json,full_name,github,job_title,linkedin,password,phone,preferred_locations_json,role,username,work_type,id) values (?,?,?,?,?,?,?,?,?,?,?,?,?,?,?,?,?,?,?,default)
Default recruiter user created: recruiter/recruiterpass
Hibernate: select count(*) from job_posting jp1_0
Hibernate: insert into job_posting (company,description,job_type,location,salary,title,url,id) values (?,?,?,?,?,?,?,default)
Hibernate: insert into job_posting (company,description,job_type,location,salary,title,url,id) values (?,?,?,?,?,?,?,default)
Hibernate: insert into job_posting (company,description,job_type,location,salary,title,url,id) values (?,?,?,?,?,?,?,default)
Hibernate: insert into job_posting (company,description,job_type,location,salary,title,url,id) values (?,?,?,?,?,?,?,default)
Hibernate: insert into job_posting (company,description,job_type,location,salary,title,url,id) values (?,?,?,?,?,?,?,default)
Hibernate: insert into job_posting_skills (job_posting_id,skills) values (?,?)
Hibernate: insert into job_posting_skills (job_posting_id,skills) values (?,?)
Hibernate: insert into job_posting_skills (job_posting_id,skills) values (?,?)
Hibernate: insert into job_posting_skills (job_posting_id,skills) values (?,?)
Hibernate: insert into job_posting_skills (job_posting_id,skills) values (?,?)
Hibernate: insert into job_posting_skills (job_posting_id,skills) values (?,?)
Hibernate: insert into job_posting_skills (job_posting_id,skills) values (?,?)
Hibernate: insert into job_posting_skills (job_posting_id,skills) values (?,?)
Hibernate: insert into job_posting_skills (job_posting_id,skills) values (?,?)
Hibernate: insert into job_posting_skills (job_posting_id,skills) values (?,?)
Hibernate: insert into job_posting_skills (job_posting_id,skills) values (?,?)
Hibernate: insert into job_posting_skills (job_posting_id,skills) values (?,?)
Hibernate: insert into job_posting_skills (job_posting_id,skills) values (?,?)
Hibernate: insert into job_posting_skills (job_posting_id,skills) values (?,?)
Hibernate: insert into job_posting_skills (job_posting_id,skills) values (?,?)
Hibernate: insert into job_posting_skills (job_posting_id,skills) values (?,?)
Hibernate: insert into job_posting_skills (job_posting_id,skills) values (?,?)
Hibernate: insert into job_posting_skills (job_posting_id,skills) values (?,?)
Initialized 5 job postings.
Hibernate: select u1_0.id,u1_0.achievements_json,u1_0.avatar_data_url,u1_0.bio,u1_0.career_level,u1_0.education_json,u1_0.email,u1_0.employment_type,u1_0.expected_salary_range_json,u1_0.experience_json,u1_0.full_name,u1_0.github,u1_0.job_title,u1_0.linkedin,u1_0.password,u1_0.phone,u1_0.preferred_locations_json,u1_0.role,u1_0.username,u1_0.work_type from users u1_0
Hibernate: delete from users where id=?
Hibernate: delete from users where id=?
Hibernate: delete from users where id=?
Hibernate: select jp1_0.id,jp1_0.company,jp1_0.description,jp1_0.job_type,jp1_0.location,jp1_0.salary,jp1_0.title,jp1_0.url from job_posting jp1_0
Hibernate: delete from job_posting_skills where job_posting_id=?
Hibernate: delete from job_posting_skills where job_posting_id=?
Hibernate: delete from job_posting_skills where job_posting_id=?
Hibernate: delete from job_posting_skills where job_posting_id=?
Hibernate: delete from job_posting_skills where job_posting_id=?
Hibernate: delete from job_posting where id=?
Hibernate: delete from job_posting where id=?
Hibernate: delete from job_posting where id=?
Hibernate: delete from job_posting where id=?
Hibernate: delete from job_posting where id=?
Hibernate: insert into users (achievements_json,avatar_data_url,bio,career_level,education_json,email,employment_type,expected_salary_range_json,experience_json,full_name,github,job_title,linkedin,password,phone,preferred_locations_json,role,username,work_type,id) values (?,?,?,?,?,?,?,?,?,?,?,?,?,?,?,?,?,?,?,default)
Hibernate: insert into users (achievements_json,avatar_data_url,bio,career_level,education_json,email,employment_type,expected_salary_range_json,experience_json,full_name,github,job_title,linkedin,password,phone,preferred_locations_json,role,username,work_type,id) values (?,?,?,?,?,?,?,?,?,?,?,?,?,?,?,?,?,?,?,default)
Hibernate: insert into users (achievements_json,avatar_data_url,bio,career_level,education_json,email,employment_type,expected_salary_range_json,experience_json,full_name,github,job_title,linkedin,password,phone,preferred_locations_json,role,username,work_type,id) values (?,?,?,?,?,?,?,?,?,?,?,?,?,?,?,?,?,?,?,default)
Hibernate: insert into job_posting (company,description,job_type,location,salary,title,url,id) values (?,?,?,?,?,?,?,default)
Hibernate: insert into job_posting (company,description,job_type,location,salary,title,url,id) values (?,?,?,?,?,?,?,default)
Hibernate: insert into job_posting_skills (job_posting_id,skills) values (?,?)
Hibernate: insert into job_posting_skills (job_posting_id,skills) values (?,?)
Hibernate: select jp1_0.id,jp1_0.company,jp1_0.description,jp1_0.job_type,jp1_0.location,jp1_0.salary,jp1_0.title,jp1_0.url from job_posting jp1_0 offset ? rows fetch first ? rows only
Hibernate: select count(jp1_0.id) from job_posting jp1_0
Hibernate: select s1_0.job_posting_id,s1_0.skills from job_posting_skills s1_0 where s1_0.job_posting_id=?
Hibernate: select s1_0.job_posting_id,s1_0.skills from job_posting_skills s1_0 where s1_0.job_posting_id=?
]]></system-out>
    <system-err><![CDATA[WARNING: A Java agent has been loaded dynamically (/home/stefina/.m2/repository/net/bytebuddy/byte-buddy-agent/1.14.19/byte-buddy-agent-1.14.19.jar)
WARNING: If a serviceability tool is in use, please run with -XX:+EnableDynamicAgentLoading to hide this warning
WARNING: If a serviceability tool is not in use, please run with -Djdk.instrument.traceUsage for more information
WARNING: Dynamic loading of agents will be disallowed by default in a future release
]]></system-err>
  </testcase>
  <testcase name="testListUsersPaged" classname="com.skillsync.skillsyncbackend.controller.AdminControllerTest" time="0.052">
    <system-out><![CDATA[Hibernate: select u1_0.id,u1_0.achievements_json,u1_0.avatar_data_url,u1_0.bio,u1_0.career_level,u1_0.education_json,u1_0.email,u1_0.employment_type,u1_0.expected_salary_range_json,u1_0.experience_json,u1_0.full_name,u1_0.github,u1_0.job_title,u1_0.linkedin,u1_0.password,u1_0.phone,u1_0.preferred_locations_json,u1_0.role,u1_0.username,u1_0.work_type from users u1_0
Hibernate: delete from users where id=?
Hibernate: delete from users where id=?
Hibernate: delete from users where id=?
Hibernate: select jp1_0.id,jp1_0.company,jp1_0.description,jp1_0.job_type,jp1_0.location,jp1_0.salary,jp1_0.title,jp1_0.url from job_posting jp1_0
Hibernate: delete from job_posting_skills where job_posting_id=?
Hibernate: delete from job_posting_skills where job_posting_id=?
Hibernate: delete from job_posting where id=?
Hibernate: delete from job_posting where id=?
Hibernate: insert into users (achievements_json,avatar_data_url,bio,career_level,education_json,email,employment_type,expected_salary_range_json,experience_json,full_name,github,job_title,linkedin,password,phone,preferred_locations_json,role,username,work_type,id) values (?,?,?,?,?,?,?,?,?,?,?,?,?,?,?,?,?,?,?,default)
Hibernate: insert into users (achievements_json,avatar_data_url,bio,career_level,education_json,email,employment_type,expected_salary_range_json,experience_json,full_name,github,job_title,linkedin,password,phone,preferred_locations_json,role,username,work_type,id) values (?,?,?,?,?,?,?,?,?,?,?,?,?,?,?,?,?,?,?,default)
Hibernate: insert into users (achievements_json,avatar_data_url,bio,career_level,education_json,email,employment_type,expected_salary_range_json,experience_json,full_name,github,job_title,linkedin,password,phone,preferred_locations_json,role,username,work_type,id) values (?,?,?,?,?,?,?,?,?,?,?,?,?,?,?,?,?,?,?,default)
Hibernate: insert into job_posting (company,description,job_type,location,salary,title,url,id) values (?,?,?,?,?,?,?,default)
Hibernate: insert into job_posting (company,description,job_type,location,salary,title,url,id) values (?,?,?,?,?,?,?,default)
Hibernate: insert into job_posting_skills (job_posting_id,skills) values (?,?)
Hibernate: insert into job_posting_skills (job_posting_id,skills) values (?,?)
Hibernate: select u1_0.id,u1_0.achievements_json,u1_0.avatar_data_url,u1_0.bio,u1_0.career_level,u1_0.education_json,u1_0.email,u1_0.employment_type,u1_0.expected_salary_range_json,u1_0.experience_json,u1_0.full_name,u1_0.github,u1_0.job_title,u1_0.linkedin,u1_0.password,u1_0.phone,u1_0.preferred_locations_json,u1_0.role,u1_0.username,u1_0.work_type from users u1_0 offset ? rows fetch first ? rows only
Hibernate: select count(u1_0.id) from users u1_0
]]></system-out>
  </testcase>
  <testcase name="testUpdateUserRole" classname="com.skillsync.skillsyncbackend.controller.AdminControllerTest" time="0.078">
    <system-out><![CDATA[Hibernate: select u1_0.id,u1_0.achievements_json,u1_0.avatar_data_url,u1_0.bio,u1_0.career_level,u1_0.education_json,u1_0.email,u1_0.employment_type,u1_0.expected_salary_range_json,u1_0.experience_json,u1_0.full_name,u1_0.github,u1_0.job_title,u1_0.linkedin,u1_0.password,u1_0.phone,u1_0.preferred_locations_json,u1_0.role,u1_0.username,u1_0.work_type from users u1_0
Hibernate: delete from users where id=?
Hibernate: delete from users where id=?
Hibernate: delete from users where id=?
Hibernate: select jp1_0.id,jp1_0.company,jp1_0.description,jp1_0.job_type,jp1_0.location,jp1_0.salary,jp1_0.title,jp1_0.url from job_posting jp1_0
Hibernate: delete from job_posting_skills where job_posting_id=?
Hibernate: delete from job_posting_skills where job_posting_id=?
Hibernate: delete from job_posting where id=?
Hibernate: delete from job_posting where id=?
Hibernate: insert into users (achievements_json,avatar_data_url,bio,career_level,education_json,email,employment_type,expected_salary_range_json,experience_json,full_name,github,job_title,linkedin,password,phone,preferred_locations_json,role,username,work_type,id) values (?,?,?,?,?,?,?,?,?,?,?,?,?,?,?,?,?,?,?,default)
Hibernate: insert into users (achievements_json,avatar_data_url,bio,career_level,education_json,email,employment_type,expected_salary_range_json,experience_json,full_name,github,job_title,linkedin,password,phone,preferred_locations_json,role,username,work_type,id) values (?,?,?,?,?,?,?,?,?,?,?,?,?,?,?,?,?,?,?,default)
Hibernate: insert into users (achievements_json,avatar_data_url,bio,career_level,education_json,email,employment_type,expected_salary_range_json,experience_json,full_name,github,job_title,linkedin,password,phone,preferred_locations_json,role,username,work_type,id) values (?,?,?,?,?,?,?,?,?,?,?,?,?,?,?,?,?,?,?,default)
Hibernate: insert into job_posting (company,description,job_type,location,salary,title,url,id) values (?,?,?,?,?,?,?,default)
Hibernate: insert into job_posting (company,description,job_type,location,salary,title,url,id) values (?,?,?,?,?,?,?,default)
Hibernate: insert into job_posting_skills (job_posting_id,skills) values (?,?)
Hibernate: insert into job_posting_skills (job_posting_id,skills) values (?,?)
Hibernate: select u1_0.id,u1_0.achievements_json,u1_0.avatar_data_url,u1_0.bio,u1_0.career_level,u1_0.education_json,u1_0.email,u1_0.employment_type,u1_0.expected_salary_range_json,u1_0.experience_json,u1_0.full_name,u1_0.github,u1_0.job_title,u1_0.linkedin,u1_0.password,u1_0.phone,u1_0.preferred_locations_json,u1_0.role,u1_0.username,u1_0.work_type from users u1_0 where u1_0.username=?
Hibernate: select u1_0.id,u1_0.achievements_json,u1_0.avatar_data_url,u1_0.bio,u1_0.career_level,u1_0.education_json,u1_0.email,u1_0.employment_type,u1_0.expected_salary_range_json,u1_0.experience_json,u1_0.full_name,u1_0.github,u1_0.job_title,u1_0.linkedin,u1_0.password,u1_0.phone,u1_0.preferred_locations_json,u1_0.role,u1_0.username,u1_0.work_type from users u1_0 where u1_0.id=?
Hibernate: update users set achievements_json=?,avatar_data_url=?,bio=?,career_level=?,education_json=?,email=?,employment_type=?,expected_salary_range_json=?,experience_json=?,full_name=?,github=?,job_title=?,linkedin=?,password=?,phone=?,preferred_locations_json=?,role=?,username=?,work_type=? where id=?
]]></system-out>
  </testcase>
  <testcase name="testDeleteJob" classname="com.skillsync.skillsyncbackend.controller.AdminControllerTest" time="0.061">
    <system-out><![CDATA[Hibernate: select u1_0.id,u1_0.achievements_json,u1_0.avatar_data_url,u1_0.bio,u1_0.career_level,u1_0.education_json,u1_0.email,u1_0.employment_type,u1_0.expected_salary_range_json,u1_0.experience_json,u1_0.full_name,u1_0.github,u1_0.job_title,u1_0.linkedin,u1_0.password,u1_0.phone,u1_0.preferred_locations_json,u1_0.role,u1_0.username,u1_0.work_type from users u1_0
Hibernate: delete from users where id=?
Hibernate: delete from users where id=?
Hibernate: delete from users where id=?
Hibernate: select jp1_0.id,jp1_0.company,jp1_0.description,jp1_0.job_type,jp1_0.location,jp1_0.salary,jp1_0.title,jp1_0.url from job_posting jp1_0
Hibernate: delete from job_posting_skills where job_posting_id=?
Hibernate: delete from job_posting_skills where job_posting_id=?
Hibernate: delete from job_posting where id=?
Hibernate: delete from job_posting where id=?
Hibernate: insert into users (achievements_json,avatar_data_url,bio,career_level,education_json,email,employment_type,expected_salary_range_json,experience_json,full_name,github,job_title,linkedin,password,phone,preferred_locations_json,role,username,work_type,id) values (?,?,?,?,?,?,?,?,?,?,?,?,?,?,?,?,?,?,?,default)
Hibernate: insert into users (achievements_json,avatar_data_url,bio,career_level,education_json,email,employment_type,expected_salary_range_json,experience_json,full_name,github,job_title,linkedin,password,phone,preferred_locations_json,role,username,work_type,id) values (?,?,?,?,?,?,?,?,?,?,?,?,?,?,?,?,?,?,?,default)
Hibernate: insert into users (achievements_json,avatar_data_url,bio,career_level,education_json,email,employment_type,expected_salary_range_json,experience_json,full_name,github,job_title,linkedin,password,phone,preferred_locations_json,role,username,work_type,id) values (?,?,?,?,?,?,?,?,?,?,?,?,?,?,?,?,?,?,?,default)
Hibernate: insert into job_posting (company,description,job_type,location,salary,title,url,id) values (?,?,?,?,?,?,?,default)
Hibernate: insert into job_posting (company,description,job_type,location,salary,title,url,id) values (?,?,?,?,?,?,?,default)
Hibernate: insert into job_posting_skills (job_posting_id,skills) values (?,?)
Hibernate: insert into job_posting_skills (job_posting_id,skills) values (?,?)
Hibernate: select jp1_0.id,jp1_0.company,jp1_0.description,jp1_0.job_type,jp1_0.location,jp1_0.salary,jp1_0.title,jp1_0.url from job_posting jp1_0
Hibernate: select count(*) from job_posting jp1_0 where jp1_0.id=?
Hibernate: select jp1_0.id,jp1_0.company,jp1_0.description,jp1_0.job_type,jp1_0.location,jp1_0.salary,jp1_0.title,jp1_0.url from job_posting jp1_0 where jp1_0.id=?
Hibernate: delete from job_posting_skills where job_posting_id=?
Hibernate: delete from job_posting where id=?
]]></system-out>
  </testcase>
  <testcase name="testDeleteUser" classname="com.skillsync.skillsyncbackend.controller.AdminControllerTest" time="0.043">
    <system-out><![CDATA[Hibernate: select u1_0.id,u1_0.achievements_json,u1_0.avatar_data_url,u1_0.bio,u1_0.career_level,u1_0.education_json,u1_0.email,u1_0.employment_type,u1_0.expected_salary_range_json,u1_0.experience_json,u1_0.full_name,u1_0.github,u1_0.job_title,u1_0.linkedin,u1_0.password,u1_0.phone,u1_0.preferred_locations_json,u1_0.role,u1_0.username,u1_0.work_type from users u1_0
Hibernate: delete from users where id=?
Hibernate: delete from users where id=?
Hibernate: delete from users where id=?
Hibernate: select jp1_0.id,jp1_0.company,jp1_0.description,jp1_0.job_type,jp1_0.location,jp1_0.salary,jp1_0.title,jp1_0.url from job_posting jp1_0
Hibernate: delete from job_posting_skills where job_posting_id=?
Hibernate: delete from job_posting where id=?
Hibernate: insert into users (achievements_json,avatar_data_url,bio,career_level,education_json,email,employment_type,expected_salary_range_json,experience_json,full_name,github,job_title,linkedin,password,phone,preferred_locations_json,role,username,work_type,id) values (?,?,?,?,?,?,?,?,?,?,?,?,?,?,?,?,?,?,?,default)
Hibernate: insert into users (achievements_json,avatar_data_url,bio,career_level,education_json,email,employment_type,expected_salary_range_json,experience_json,full_name,github,job_title,linkedin,password,phone,preferred_locations_json,role,username,work_type,id) values (?,?,?,?,?,?,?,?,?,?,?,?,?,?,?,?,?,?,?,default)
Hibernate: insert into users (achievements_json,avatar_data_url,bio,career_level,education_json,email,employment_type,expected_salary_range_json,experience_json,full_name,github,job_title,linkedin,password,phone,preferred_locations_json,role,username,work_type,id) values (?,?,?,?,?,?,?,?,?,?,?,?,?,?,?,?,?,?,?,default)
Hibernate: insert into job_posting (company,description,job_type,location,salary,title,url,id) values (?,?,?,?,?,?,?,default)
Hibernate: insert into job_posting (company,description,job_type,location,salary,title,url,id) values (?,?,?,?,?,?,?,default)
Hibernate: insert into job_posting_skills (job_posting_id,skills) values (?,?)
Hibernate: insert into job_posting_skills (job_posting_id,skills) values (?,?)
Hibernate: select u1_0.id,u1_0.achievements_json,u1_0.avatar_data_url,u1_0.bio,u1_0.career_level,u1_0.education_json,u1_0.email,u1_0.employment_type,u1_0.expected_salary_range_json,u1_0.experience_json,u1_0.full_name,u1_0.github,u1_0.job_title,u1_0.linkedin,u1_0.password,u1_0.phone,u1_0.preferred_locations_json,u1_0.role,u1_0.username,u1_0.work_type from users u1_0 where u1_0.username=?
Hibernate: select count(*) from users u1_0 where u1_0.id=?
Hibernate: select u1_0.id,u1_0.achievements_json,u1_0.avatar_data_url,u1_0.bio,u1_0.career_level,u1_0.education_json,u1_0.email,u1_0.employment_type,u1_0.expected_salary_range_json,u1_0.experience_json,u1_0.full_name,u1_0.github,u1_0.job_title,u1_0.linkedin,u1_0.password,u1_0.phone,u1_0.preferred_locations_json,u1_0.role,u1_0.username,u1_0.work_type from users u1_0 where u1_0.id=?
Hibernate: delete from users where id=?
]]></system-out>
  </testcase>
</testsuite>